<?xml version="1.0" encoding="UTF-8"?>
<!-- Generated by org.testng.reporters.JUnitReportReporter -->
<testsuite hostname="ENVY" failures="0" tests="5" name="exo1.EmployeeManagerTest" time="0.004" errors="0" timestamp="2023-06-16T15:07:54 CEST" skipped="0">
  <testcase classname="exo1.EmployeeManagerTest" name="testCalculateSalarySenior20AnneeExperience" time="0.000"/>
  <testcase classname="exo1.EmployeeManagerTest" name="CalculateExperienceMultiplier3AnneeExperience" time="0.003"/>
  <testcase classname="exo1.EmployeeManagerTest" name="testCalculateSalaryIntermediaire5AnneeExperience" time="0.001"/>
  <testcase classname="exo1.EmployeeManagerTest" name="testCalculateSalaryJunior1AnneeExperience" time="0.000"/>
  <testcase classname="exo1.EmployeeManagerTest" name="testCalculateSalarySenior10AnneeExperience" time="0.000"/>
</testsuite> <!-- exo1.EmployeeManagerTest -->
